<?xml version="1.0" encoding="UTF-8"?>
<testsuite xmlns:xsi="http://www.w3.org/2001/XMLSchema-instance" xsi:noNamespaceSchemaLocation="https://maven.apache.org/surefire/maven-surefire-plugin/xsd/surefire-test-report.xsd" name="top.binggo.codetipcontrolcenter.controller.CrawlerControllerTest" time="0.066" tests="5" errors="0" skipped="0" failures="0">
  <properties>
[...]
</properties>
  <testcase name="taskType" classname="top.binggo.codetipcontrolcenter.controller.CrawlerControllerTest" time="0.003"/>
  <testcase name="listTask" classname="top.binggo.codetipcontrolcenter.controller.CrawlerControllerTest" time="0.045"/>
  <testcase name="listTree" classname="top.binggo.codetipcontrolcenter.controller.CrawlerControllerTest" time="0.002"/>
  <testcase name="stopTask" classname="top.binggo.codetipcontrolcenter.controller.CrawlerControllerTest" time="0.003"/>
  <testcase name="newTask" classname="top.binggo.codetipcontrolcenter.controller.CrawlerControllerTest" time="0.002"/>
</testsuite>